Building DAG of jobs...
MissingInputException in rule all  in line 33 of /mnt/085dd464-7946-4395-acfd-e22026d52e9d/home/yasmmin/Dropbox/phd/drug_target_posdoc/host-pathogen_network_mining/target_pathogen/workflow_hpAugmentation/Snakefile:
Missing input files for rule all:
    affected files:
        genome~listeria_monocytogenes_egd-e/hpidb_seed_network~results.zip/hpidb_search_method~homology_search/target_taxon~169963/analysis_finished.txt
        genome~trichoderma_atroviride/hpidb_seed_network~results.zip/hpidb_search_method~homology_search/target_taxon~63577/analysis_finished.txt
        genome~shigella_dysenteriae_sd197/hpidb_seed_network~results.zip/hpidb_search_method~homology_search/target_taxon~300267/analysis_finished.txt
        genome~trypanosoma_cruzi_cl_brener/hpidb_seed_network~results.zip/hpidb_search_method~homology_search/target_taxon~353153/analysis_finished.txt
        genome~klebsiella_pneumoniae_kp13/hpidb_seed_network~results.zip/hpidb_search_method~homology_search/target_taxon~573/analysis_finished.txt
        genome~plasmodium_vivax_salvador_i/hpidb_seed_network~results.zip/hpidb_search_method~homology_search/target_taxon~126793/analysis_finished.txt
        genome~leishmania_infantum/hpidb_seed_network~results.zip/hpidb_search_method~homology_search/target_taxon~5671/analysis_finished.txt
        genome~mycobacterium_leprae_br4923/hpidb_seed_network~results.zip/hpidb_search_method~homology_search/target_taxon~272631/analysis_finished.txt
        genome~leishmania_major_friedlin/hpidb_seed_network~results.zip/hpidb_search_method~homology_search/target_taxon~5664/analysis_finished.txt
        genome~helicobacter_pylori_26695/hpidb_seed_network~results.zip/hpidb_search_method~homology_search/target_taxon~85962/analysis_finished.txt
        genome~wolbachia_endosymbiont_trs_of_brugia_malayi/hpidb_seed_network~results.zip/hpidb_search_method~homology_search/target_taxon~292805/analysis_finished.txt
        genome~trypanosoma_brucei_dal972/hpidb_seed_network~results.zip/hpidb_search_method~homology_search/target_taxon~5691/analysis_finished.txt
        genome~achromobacter_xylosoxidans/hpidb_seed_network~results.zip/hpidb_search_method~homology_search/target_taxon~762376/analysis_finished.txt
        genome~mycoplasma_bovis_pg45/hpidb_seed_network~results.zip/hpidb_search_method~homology_search/target_taxon~289397/analysis_finished.txt
        genome~mycobacterium_tuberculosis_h37rv/hpidb_seed_network~results.zip/hpidb_search_method~homology_search/target_taxon~83332/analysis_finished.txt
        genome~schistosoma_mansoni_puerto_rico/hpidb_seed_network~results.zip/hpidb_search_method~homology_search/target_taxon~6183/analysis_finished.txt
        genome~mycoplasma_gallisepticum/hpidb_seed_network~results.zip/hpidb_search_method~homology_search/target_taxon~708616/analysis_finished.txt
        genome~toxoplasma_gondii_me49/hpidb_seed_network~results.zip/hpidb_search_method~homology_search/target_taxon~5811/analysis_finished.txt
        genome~mycoplasma_hominis_atcc_23114/hpidb_seed_network~results.zip/hpidb_search_method~homology_search/target_taxon~347256/analysis_finished.txt
        genome~staphylococcus_aureus_subsp._aureus_n315/hpidb_seed_network~results.zip/hpidb_search_method~homology_search/target_taxon~93061/analysis_finished.txt
        genome~meloidogyne_incognita/hpidb_seed_network~results.zip/hpidb_search_method~homology_search/target_taxon~272631/analysis_finished.txt
        genome~achromobacter_insuavis_axx-a/hpidb_seed_network~results.zip/hpidb_search_method~homology_search/target_taxon~1003200/analysis_finished.txt
        genome~bartonella_bacilliformis/hpidb_seed_network~results.zip/hpidb_search_method~homology_search/target_taxon~360095/analysis_finished.txt
        genome~pseudomonas_extremaustralis_14-3_substr._14-3b/hpidb_seed_network~results.zip/hpidb_search_method~homology_search/target_taxon~1117958/analysis_finished.txt
        genome~helicobacter_pylori_india7/hpidb_seed_network~results.zip/hpidb_search_method~homology_search/target_taxon~353153/analysis_finished.txt
