Building DAG of jobs...
Using shell: /usr/bin/bash
Provided cores: 4
Rules claiming more threads will be scaled down.
Job stats:
job                               count    min threads    max threads
------------------------------  -------  -------------  -------------
all                                   1              1              1
evaluation_visualization_step3        1              1              1
evaluation_visualization_step4        1              1              1
evaluation_visualization_step5        1              1              1
total                                 4              1              1

Select jobs to execute...

[Sun Feb 12 21:15:21 2023]
rule evaluation_visualization_step3:
    input: /mnt/085dd464-7946-4395-acfd-e22026d52e9d/home/yasmmin/Dropbox/phd/portfolio/bioinformatics_advances/review_2023/repo_augmentation/input_example/ev_step2.txt
    output: /mnt/085dd464-7946-4395-acfd-e22026d52e9d/home/yasmmin/Dropbox/phd/portfolio/bioinformatics_advances/review_2023/repo_augmentation/input_example/ev_step3.txt
    jobid: 3
    reason: Missing output files: /mnt/085dd464-7946-4395-acfd-e22026d52e9d/home/yasmmin/Dropbox/phd/portfolio/bioinformatics_advances/review_2023/repo_augmentation/input_example/ev_step3.txt
    resources: tmpdir=/tmp

[Sun Feb 12 21:15:24 2023]
Finished job 3.
1 of 4 steps (25%) done
Select jobs to execute...

[Sun Feb 12 21:15:24 2023]
rule evaluation_visualization_step4:
    input: /mnt/085dd464-7946-4395-acfd-e22026d52e9d/home/yasmmin/Dropbox/phd/portfolio/bioinformatics_advances/review_2023/repo_augmentation/input_example/ev_step3.txt
    output: /mnt/085dd464-7946-4395-acfd-e22026d52e9d/home/yasmmin/Dropbox/phd/portfolio/bioinformatics_advances/review_2023/repo_augmentation/input_example/ev_step4.txt
    jobid: 2
    reason: Missing output files: /mnt/085dd464-7946-4395-acfd-e22026d52e9d/home/yasmmin/Dropbox/phd/portfolio/bioinformatics_advances/review_2023/repo_augmentation/input_example/ev_step4.txt; Input files updated by another job: /mnt/085dd464-7946-4395-acfd-e22026d52e9d/home/yasmmin/Dropbox/phd/portfolio/bioinformatics_advances/review_2023/repo_augmentation/input_example/ev_step3.txt
    resources: tmpdir=/tmp

Shutting down, this might take some time.
Exiting because a job execution failed. Look above for error message
Complete log: .snakemake/log/2023-02-12T211520.218440.snakemake.log
