Building DAG of jobs...
Using shell: /usr/bin/bash
Provided cores: 4
Rules claiming more threads will be scaled down.
Job stats:
job                               count    min threads    max threads
------------------------------  -------  -------------  -------------
all                                   1              1              1
evaluation_visualization_step2        1              1              1
evaluation_visualization_step3        1              1              1
evaluation_visualization_step4        1              1              1
evaluation_visualization_step5        1              1              1
total                                 5              1              1

Select jobs to execute...

[Sun Feb 12 12:15:43 2023]
rule evaluation_visualization_step2:
    input: /mnt/085dd464-7946-4395-acfd-e22026d52e9d/home/yasmmin/Dropbox/phd/portfolio/bioinformatics_advances/review_2023/input_bioinfoAdv/ev_step1.txt
    output: /mnt/085dd464-7946-4395-acfd-e22026d52e9d/home/yasmmin/Dropbox/phd/portfolio/bioinformatics_advances/review_2023/input_bioinfoAdv/ev_step2.txt
    jobid: 4
    reason: Missing output files: /mnt/085dd464-7946-4395-acfd-e22026d52e9d/home/yasmmin/Dropbox/phd/portfolio/bioinformatics_advances/review_2023/input_bioinfoAdv/ev_step2.txt
    resources: tmpdir=/tmp

[Sun Feb 12 12:15:45 2023]
Finished job 4.
1 of 5 steps (20%) done
Select jobs to execute...

[Sun Feb 12 12:15:45 2023]
rule evaluation_visualization_step3:
    input: /mnt/085dd464-7946-4395-acfd-e22026d52e9d/home/yasmmin/Dropbox/phd/portfolio/bioinformatics_advances/review_2023/input_bioinfoAdv/ev_step2.txt
    output: /mnt/085dd464-7946-4395-acfd-e22026d52e9d/home/yasmmin/Dropbox/phd/portfolio/bioinformatics_advances/review_2023/input_bioinfoAdv/ev_step3.txt
    jobid: 3
    reason: Missing output files: /mnt/085dd464-7946-4395-acfd-e22026d52e9d/home/yasmmin/Dropbox/phd/portfolio/bioinformatics_advances/review_2023/input_bioinfoAdv/ev_step3.txt; Input files updated by another job: /mnt/085dd464-7946-4395-acfd-e22026d52e9d/home/yasmmin/Dropbox/phd/portfolio/bioinformatics_advances/review_2023/input_bioinfoAdv/ev_step2.txt
    resources: tmpdir=/tmp

[Sun Feb 12 12:15:48 2023]
Finished job 3.
2 of 5 steps (40%) done
Select jobs to execute...

[Sun Feb 12 12:15:48 2023]
rule evaluation_visualization_step4:
    input: /mnt/085dd464-7946-4395-acfd-e22026d52e9d/home/yasmmin/Dropbox/phd/portfolio/bioinformatics_advances/review_2023/input_bioinfoAdv/ev_step3.txt
    output: /mnt/085dd464-7946-4395-acfd-e22026d52e9d/home/yasmmin/Dropbox/phd/portfolio/bioinformatics_advances/review_2023/input_bioinfoAdv/ev_step4.txt
    jobid: 2
    reason: Missing output files: /mnt/085dd464-7946-4395-acfd-e22026d52e9d/home/yasmmin/Dropbox/phd/portfolio/bioinformatics_advances/review_2023/input_bioinfoAdv/ev_step4.txt; Input files updated by another job: /mnt/085dd464-7946-4395-acfd-e22026d52e9d/home/yasmmin/Dropbox/phd/portfolio/bioinformatics_advances/review_2023/input_bioinfoAdv/ev_step3.txt
    resources: tmpdir=/tmp

[Sun Feb 12 12:15:50 2023]
Finished job 2.
3 of 5 steps (60%) done
Select jobs to execute...

[Sun Feb 12 12:15:50 2023]
rule evaluation_visualization_step5:
    input: /mnt/085dd464-7946-4395-acfd-e22026d52e9d/home/yasmmin/Dropbox/phd/portfolio/bioinformatics_advances/review_2023/input_bioinfoAdv/ev_step4.txt
    output: /mnt/085dd464-7946-4395-acfd-e22026d52e9d/home/yasmmin/Dropbox/phd/portfolio/bioinformatics_advances/review_2023/input_bioinfoAdv/ev_step5.txt
    jobid: 1
    reason: Missing output files: /mnt/085dd464-7946-4395-acfd-e22026d52e9d/home/yasmmin/Dropbox/phd/portfolio/bioinformatics_advances/review_2023/input_bioinfoAdv/ev_step5.txt; Input files updated by another job: /mnt/085dd464-7946-4395-acfd-e22026d52e9d/home/yasmmin/Dropbox/phd/portfolio/bioinformatics_advances/review_2023/input_bioinfoAdv/ev_step4.txt
    resources: tmpdir=/tmp

[Sun Feb 12 12:15:52 2023]
Finished job 1.
4 of 5 steps (80%) done
Select jobs to execute...

[Sun Feb 12 12:15:52 2023]
localrule all:
    input: /mnt/085dd464-7946-4395-acfd-e22026d52e9d/home/yasmmin/Dropbox/phd/portfolio/bioinformatics_advances/review_2023/input_bioinfoAdv/ev_step5.txt
    jobid: 0
    reason: Input files updated by another job: /mnt/085dd464-7946-4395-acfd-e22026d52e9d/home/yasmmin/Dropbox/phd/portfolio/bioinformatics_advances/review_2023/input_bioinfoAdv/ev_step5.txt
    resources: tmpdir=/tmp

[Sun Feb 12 12:15:52 2023]
Finished job 0.
5 of 5 steps (100%) done
Complete log: .snakemake/log/2023-02-12T121542.531584.snakemake.log
