Building DAG of jobs...
Using shell: /usr/bin/bash
Provided cores: 4
Rules claiming more threads will be scaled down.
Job stats:
job                                count    min threads    max threads
-------------------------------  -------  -------------  -------------
all                                    1              1              1
data_acquisition_step1                 1              1              1
data_acquisition_step2                 1              1              1
data_acquisition_step3                 1              1              1
evaluation_visualization_step1         1              1              1
evaluation_visualization_step2         1              1              1
evaluation_visualization_step3         1              1              1
evaluation_visualization_step4         1              1              1
evaluation_visualization_step5         1              1              1
training_ppi_augmentation_step1        1              1              1
training_ppi_augmentation_step2        1              1              1
training_ppi_augmentation_step3        1              1              1
total                                 12              1              1

Select jobs to execute...

[Sat Feb 11 19:59:24 2023]
rule data_acquisition_step1:
    output: /mnt/085dd464-7946-4395-acfd-e22026d52e9d/home/yasmmin/Dropbox/phd/portfolio/bioinformatics_advances/review_2023/input_bioinfoAdv/da_step1.txt
    jobid: 11
    reason: Missing output files: /mnt/085dd464-7946-4395-acfd-e22026d52e9d/home/yasmmin/Dropbox/phd/portfolio/bioinformatics_advances/review_2023/input_bioinfoAdv/da_step1.txt
    resources: tmpdir=/tmp

[Sat Feb 11 20:23:04 2023]
Finished job 11.
1 of 12 steps (8%) done
Select jobs to execute...

[Sat Feb 11 20:23:04 2023]
rule data_acquisition_step2:
    input: /mnt/085dd464-7946-4395-acfd-e22026d52e9d/home/yasmmin/Dropbox/phd/portfolio/bioinformatics_advances/review_2023/input_bioinfoAdv/da_step1.txt
    output: /mnt/085dd464-7946-4395-acfd-e22026d52e9d/home/yasmmin/Dropbox/phd/portfolio/bioinformatics_advances/review_2023/input_bioinfoAdv/da_step2.txt
    jobid: 10
    reason: Missing output files: /mnt/085dd464-7946-4395-acfd-e22026d52e9d/home/yasmmin/Dropbox/phd/portfolio/bioinformatics_advances/review_2023/input_bioinfoAdv/da_step2.txt; Input files updated by another job: /mnt/085dd464-7946-4395-acfd-e22026d52e9d/home/yasmmin/Dropbox/phd/portfolio/bioinformatics_advances/review_2023/input_bioinfoAdv/da_step1.txt
    resources: tmpdir=/tmp

[Sat Feb 11 20:31:15 2023]
Finished job 10.
2 of 12 steps (17%) done
Select jobs to execute...

[Sat Feb 11 20:31:15 2023]
rule data_acquisition_step3:
    input: /mnt/085dd464-7946-4395-acfd-e22026d52e9d/home/yasmmin/Dropbox/phd/portfolio/bioinformatics_advances/review_2023/input_bioinfoAdv/da_step2.txt
    output: /mnt/085dd464-7946-4395-acfd-e22026d52e9d/home/yasmmin/Dropbox/phd/portfolio/bioinformatics_advances/review_2023/input_bioinfoAdv/da_step3.txt
    jobid: 9
    reason: Missing output files: /mnt/085dd464-7946-4395-acfd-e22026d52e9d/home/yasmmin/Dropbox/phd/portfolio/bioinformatics_advances/review_2023/input_bioinfoAdv/da_step3.txt; Input files updated by another job: /mnt/085dd464-7946-4395-acfd-e22026d52e9d/home/yasmmin/Dropbox/phd/portfolio/bioinformatics_advances/review_2023/input_bioinfoAdv/da_step2.txt
    resources: tmpdir=/tmp

[Sat Feb 11 20:31:57 2023]
Finished job 9.
3 of 12 steps (25%) done
Select jobs to execute...

[Sat Feb 11 20:31:57 2023]
rule training_ppi_augmentation_step1:
    input: /mnt/085dd464-7946-4395-acfd-e22026d52e9d/home/yasmmin/Dropbox/phd/portfolio/bioinformatics_advances/review_2023/input_bioinfoAdv/da_step3.txt
    output: /mnt/085dd464-7946-4395-acfd-e22026d52e9d/home/yasmmin/Dropbox/phd/portfolio/bioinformatics_advances/review_2023/input_bioinfoAdv/tpa_step1.txt
    jobid: 8
    reason: Missing output files: /mnt/085dd464-7946-4395-acfd-e22026d52e9d/home/yasmmin/Dropbox/phd/portfolio/bioinformatics_advances/review_2023/input_bioinfoAdv/tpa_step1.txt; Input files updated by another job: /mnt/085dd464-7946-4395-acfd-e22026d52e9d/home/yasmmin/Dropbox/phd/portfolio/bioinformatics_advances/review_2023/input_bioinfoAdv/da_step3.txt
    resources: tmpdir=/tmp

[Sat Feb 11 20:32:18 2023]
Finished job 8.
4 of 12 steps (33%) done
Select jobs to execute...

[Sat Feb 11 20:32:18 2023]
rule training_ppi_augmentation_step2:
    input: /mnt/085dd464-7946-4395-acfd-e22026d52e9d/home/yasmmin/Dropbox/phd/portfolio/bioinformatics_advances/review_2023/input_bioinfoAdv/tpa_step1.txt
    output: /mnt/085dd464-7946-4395-acfd-e22026d52e9d/home/yasmmin/Dropbox/phd/portfolio/bioinformatics_advances/review_2023/input_bioinfoAdv/tpa_step2.txt
    jobid: 7
    reason: Missing output files: /mnt/085dd464-7946-4395-acfd-e22026d52e9d/home/yasmmin/Dropbox/phd/portfolio/bioinformatics_advances/review_2023/input_bioinfoAdv/tpa_step2.txt; Input files updated by another job: /mnt/085dd464-7946-4395-acfd-e22026d52e9d/home/yasmmin/Dropbox/phd/portfolio/bioinformatics_advances/review_2023/input_bioinfoAdv/tpa_step1.txt
    resources: tmpdir=/tmp

[Sun Feb 12 01:00:10 2023]
Finished job 7.
5 of 12 steps (42%) done
Select jobs to execute...

[Sun Feb 12 01:00:10 2023]
rule training_ppi_augmentation_step3:
    input: /mnt/085dd464-7946-4395-acfd-e22026d52e9d/home/yasmmin/Dropbox/phd/portfolio/bioinformatics_advances/review_2023/input_bioinfoAdv/tpa_step2.txt
    output: /mnt/085dd464-7946-4395-acfd-e22026d52e9d/home/yasmmin/Dropbox/phd/portfolio/bioinformatics_advances/review_2023/input_bioinfoAdv/tpa_step3.txt
    jobid: 6
    reason: Missing output files: /mnt/085dd464-7946-4395-acfd-e22026d52e9d/home/yasmmin/Dropbox/phd/portfolio/bioinformatics_advances/review_2023/input_bioinfoAdv/tpa_step3.txt; Input files updated by another job: /mnt/085dd464-7946-4395-acfd-e22026d52e9d/home/yasmmin/Dropbox/phd/portfolio/bioinformatics_advances/review_2023/input_bioinfoAdv/tpa_step2.txt
    resources: tmpdir=/tmp

Shutting down, this might take some time.
Exiting because a job execution failed. Look above for error message
Complete log: .snakemake/log/2023-02-11T195922.921711.snakemake.log
