Building DAG of jobs...
Using shell: /usr/bin/bash
Provided cores: 4
Rules claiming more threads will be scaled down.
Job stats:
job                                count    min threads    max threads
-------------------------------  -------  -------------  -------------
all                                    1              1              1
evaluation_visualization_step1         1              1              1
evaluation_visualization_step2         1              1              1
evaluation_visualization_step3         1              1              1
evaluation_visualization_step4         1              1              1
evaluation_visualization_step5         1              1              1
training_ppi_augmentation_step2        1              1              1
training_ppi_augmentation_step3        1              1              1
total                                  8              1              1

Select jobs to execute...

[Sun Feb 12 13:57:51 2023]
rule training_ppi_augmentation_step2:
    input: /mnt/085dd464-7946-4395-acfd-e22026d52e9d/home/yasmmin/Dropbox/phd/portfolio/bioinformatics_advances/review_2023/input_bioinfoAdv/tpa_step1.txt
    output: /mnt/085dd464-7946-4395-acfd-e22026d52e9d/home/yasmmin/Dropbox/phd/portfolio/bioinformatics_advances/review_2023/input_bioinfoAdv/tpa_step2.txt
    jobid: 7
    reason: Missing output files: /mnt/085dd464-7946-4395-acfd-e22026d52e9d/home/yasmmin/Dropbox/phd/portfolio/bioinformatics_advances/review_2023/input_bioinfoAdv/tpa_step2.txt
    resources: tmpdir=/tmp

Shutting down, this might take some time.
Exiting because a job execution failed. Look above for error message
Complete log: .snakemake/log/2023-02-12T135750.207036.snakemake.log
