Building DAG of jobs...
Using shell: /usr/bin/bash
Provided cores: 4
Rules claiming more threads will be scaled down.
Job stats:
job                               count    min threads    max threads
------------------------------  -------  -------------  -------------
all                                   1              1              1
evaluation_visualization_step5        1              1              1
total                                 2              1              1

Select jobs to execute...

[Sun Feb 12 21:45:50 2023]
rule evaluation_visualization_step5:
    input: /mnt/085dd464-7946-4395-acfd-e22026d52e9d/home/yasmmin/Dropbox/phd/portfolio/bioinformatics_advances/review_2023/repo_augmentation/input_example/ev_step4.txt
    output: /mnt/085dd464-7946-4395-acfd-e22026d52e9d/home/yasmmin/Dropbox/phd/portfolio/bioinformatics_advances/review_2023/repo_augmentation/input_example/ev_step5.txt
    jobid: 1
    reason: Missing output files: /mnt/085dd464-7946-4395-acfd-e22026d52e9d/home/yasmmin/Dropbox/phd/portfolio/bioinformatics_advances/review_2023/repo_augmentation/input_example/ev_step5.txt
    resources: tmpdir=/tmp

[Sun Feb 12 21:45:54 2023]
Finished job 1.
1 of 2 steps (50%) done
Select jobs to execute...

[Sun Feb 12 21:45:54 2023]
localrule all:
    input: /mnt/085dd464-7946-4395-acfd-e22026d52e9d/home/yasmmin/Dropbox/phd/portfolio/bioinformatics_advances/review_2023/repo_augmentation/input_example/ev_step5.txt
    jobid: 0
    reason: Input files updated by another job: /mnt/085dd464-7946-4395-acfd-e22026d52e9d/home/yasmmin/Dropbox/phd/portfolio/bioinformatics_advances/review_2023/repo_augmentation/input_example/ev_step5.txt
    resources: tmpdir=/tmp

[Sun Feb 12 21:45:54 2023]
Finished job 0.
2 of 2 steps (100%) done
Complete log: .snakemake/log/2023-02-12T214549.167907.snakemake.log
