Building DAG of jobs...
Using shell: /usr/bin/bash
Provided cores: 4
Rules claiming more threads will be scaled down.
Job stats:
job                                count    min threads    max threads
-------------------------------  -------  -------------  -------------
all                                    1              1              1
evaluation_visualization_step1         1              1              1
evaluation_visualization_step2         1              1              1
evaluation_visualization_step3         1              1              1
evaluation_visualization_step4         1              1              1
evaluation_visualization_step5         1              1              1
training_ppi_augmentation_step3        1              1              1
total                                  7              1              1

Select jobs to execute...

[Sun Feb 12 11:44:48 2023]
rule training_ppi_augmentation_step3:
    input: /mnt/085dd464-7946-4395-acfd-e22026d52e9d/home/yasmmin/Dropbox/phd/portfolio/bioinformatics_advances/review_2023/input_bioinfoAdv/tpa_step2.txt
    output: /mnt/085dd464-7946-4395-acfd-e22026d52e9d/home/yasmmin/Dropbox/phd/portfolio/bioinformatics_advances/review_2023/input_bioinfoAdv/tpa_step3.txt
    jobid: 6
    reason: Missing output files: /mnt/085dd464-7946-4395-acfd-e22026d52e9d/home/yasmmin/Dropbox/phd/portfolio/bioinformatics_advances/review_2023/input_bioinfoAdv/tpa_step3.txt
    resources: tmpdir=/tmp

[Sun Feb 12 11:44:50 2023]
Finished job 6.
1 of 7 steps (14%) done
Select jobs to execute...

[Sun Feb 12 11:44:50 2023]
rule evaluation_visualization_step1:
    input: /mnt/085dd464-7946-4395-acfd-e22026d52e9d/home/yasmmin/Dropbox/phd/portfolio/bioinformatics_advances/review_2023/input_bioinfoAdv/tpa_step3.txt
    output: /mnt/085dd464-7946-4395-acfd-e22026d52e9d/home/yasmmin/Dropbox/phd/portfolio/bioinformatics_advances/review_2023/input_bioinfoAdv/ev_step1.txt
    jobid: 5
    reason: Missing output files: /mnt/085dd464-7946-4395-acfd-e22026d52e9d/home/yasmmin/Dropbox/phd/portfolio/bioinformatics_advances/review_2023/input_bioinfoAdv/ev_step1.txt; Input files updated by another job: /mnt/085dd464-7946-4395-acfd-e22026d52e9d/home/yasmmin/Dropbox/phd/portfolio/bioinformatics_advances/review_2023/input_bioinfoAdv/tpa_step3.txt
    resources: tmpdir=/tmp

[Sun Feb 12 11:44:52 2023]
Finished job 5.
2 of 7 steps (29%) done
Select jobs to execute...

[Sun Feb 12 11:44:52 2023]
rule evaluation_visualization_step2:
    input: /mnt/085dd464-7946-4395-acfd-e22026d52e9d/home/yasmmin/Dropbox/phd/portfolio/bioinformatics_advances/review_2023/input_bioinfoAdv/ev_step1.txt
    output: /mnt/085dd464-7946-4395-acfd-e22026d52e9d/home/yasmmin/Dropbox/phd/portfolio/bioinformatics_advances/review_2023/input_bioinfoAdv/ev_step2.txt
    jobid: 4
    reason: Missing output files: /mnt/085dd464-7946-4395-acfd-e22026d52e9d/home/yasmmin/Dropbox/phd/portfolio/bioinformatics_advances/review_2023/input_bioinfoAdv/ev_step2.txt; Input files updated by another job: /mnt/085dd464-7946-4395-acfd-e22026d52e9d/home/yasmmin/Dropbox/phd/portfolio/bioinformatics_advances/review_2023/input_bioinfoAdv/ev_step1.txt
    resources: tmpdir=/tmp

[Sun Feb 12 11:44:54 2023]
Finished job 4.
3 of 7 steps (43%) done
Select jobs to execute...

[Sun Feb 12 11:44:54 2023]
rule evaluation_visualization_step3:
    input: /mnt/085dd464-7946-4395-acfd-e22026d52e9d/home/yasmmin/Dropbox/phd/portfolio/bioinformatics_advances/review_2023/input_bioinfoAdv/ev_step2.txt
    output: /mnt/085dd464-7946-4395-acfd-e22026d52e9d/home/yasmmin/Dropbox/phd/portfolio/bioinformatics_advances/review_2023/input_bioinfoAdv/ev_step3.txt
    jobid: 3
    reason: Missing output files: /mnt/085dd464-7946-4395-acfd-e22026d52e9d/home/yasmmin/Dropbox/phd/portfolio/bioinformatics_advances/review_2023/input_bioinfoAdv/ev_step3.txt; Input files updated by another job: /mnt/085dd464-7946-4395-acfd-e22026d52e9d/home/yasmmin/Dropbox/phd/portfolio/bioinformatics_advances/review_2023/input_bioinfoAdv/ev_step2.txt
    resources: tmpdir=/tmp

Shutting down, this might take some time.
Exiting because a job execution failed. Look above for error message
Complete log: .snakemake/log/2023-02-12T114446.444138.snakemake.log
