Building DAG of jobs...
Using shell: /usr/bin/bash
Provided cores: 4
Rules claiming more threads will be scaled down.
Job stats:
job                                count    min threads    max threads
-------------------------------  -------  -------------  -------------
all                                    1              1              1
data_acquisition_step1                 1              1              1
data_acquisition_step2                 1              1              1
data_acquisition_step3                 1              1              1
evaluation_visualization_step1         1              1              1
evaluation_visualization_step2         1              1              1
evaluation_visualization_step3         1              1              1
evaluation_visualization_step4         1              1              1
evaluation_visualization_step5         1              1              1
training_ppi_augmentation_step1        1              1              1
training_ppi_augmentation_step2        1              1              1
training_ppi_augmentation_step3        1              1              1
total                                 12              1              1

Select jobs to execute...

[Sun Feb 12 15:25:18 2023]
rule data_acquisition_step1:
    output: /mnt/085dd464-7946-4395-acfd-e22026d52e9d/home/yasmmin/Dropbox/phd/portfolio/bioinformatics_advances/review_2023/repo_augmentation/input_example/da_step1.txt
    jobid: 11
    reason: Missing output files: /mnt/085dd464-7946-4395-acfd-e22026d52e9d/home/yasmmin/Dropbox/phd/portfolio/bioinformatics_advances/review_2023/repo_augmentation/input_example/da_step1.txt
    resources: tmpdir=/tmp

[Sun Feb 12 16:00:15 2023]
Finished job 11.
1 of 12 steps (8%) done
Select jobs to execute...

[Sun Feb 12 16:00:16 2023]
rule data_acquisition_step2:
    input: /mnt/085dd464-7946-4395-acfd-e22026d52e9d/home/yasmmin/Dropbox/phd/portfolio/bioinformatics_advances/review_2023/repo_augmentation/input_example/da_step1.txt
    output: /mnt/085dd464-7946-4395-acfd-e22026d52e9d/home/yasmmin/Dropbox/phd/portfolio/bioinformatics_advances/review_2023/repo_augmentation/input_example/da_step2.txt
    jobid: 10
    reason: Missing output files: /mnt/085dd464-7946-4395-acfd-e22026d52e9d/home/yasmmin/Dropbox/phd/portfolio/bioinformatics_advances/review_2023/repo_augmentation/input_example/da_step2.txt; Input files updated by another job: /mnt/085dd464-7946-4395-acfd-e22026d52e9d/home/yasmmin/Dropbox/phd/portfolio/bioinformatics_advances/review_2023/repo_augmentation/input_example/da_step1.txt
    resources: tmpdir=/tmp

[Sun Feb 12 16:13:01 2023]
Finished job 10.
2 of 12 steps (17%) done
Select jobs to execute...

[Sun Feb 12 16:13:01 2023]
rule data_acquisition_step3:
    input: /mnt/085dd464-7946-4395-acfd-e22026d52e9d/home/yasmmin/Dropbox/phd/portfolio/bioinformatics_advances/review_2023/repo_augmentation/input_example/da_step2.txt
    output: /mnt/085dd464-7946-4395-acfd-e22026d52e9d/home/yasmmin/Dropbox/phd/portfolio/bioinformatics_advances/review_2023/repo_augmentation/input_example/da_step3.txt
    jobid: 9
    reason: Missing output files: /mnt/085dd464-7946-4395-acfd-e22026d52e9d/home/yasmmin/Dropbox/phd/portfolio/bioinformatics_advances/review_2023/repo_augmentation/input_example/da_step3.txt; Input files updated by another job: /mnt/085dd464-7946-4395-acfd-e22026d52e9d/home/yasmmin/Dropbox/phd/portfolio/bioinformatics_advances/review_2023/repo_augmentation/input_example/da_step2.txt
    resources: tmpdir=/tmp

[Sun Feb 12 16:14:28 2023]
Finished job 9.
3 of 12 steps (25%) done
Select jobs to execute...

[Sun Feb 12 16:14:28 2023]
rule training_ppi_augmentation_step1:
    input: /mnt/085dd464-7946-4395-acfd-e22026d52e9d/home/yasmmin/Dropbox/phd/portfolio/bioinformatics_advances/review_2023/repo_augmentation/input_example/da_step3.txt
    output: /mnt/085dd464-7946-4395-acfd-e22026d52e9d/home/yasmmin/Dropbox/phd/portfolio/bioinformatics_advances/review_2023/repo_augmentation/input_example/tpa_step1.txt
    jobid: 8
    reason: Missing output files: /mnt/085dd464-7946-4395-acfd-e22026d52e9d/home/yasmmin/Dropbox/phd/portfolio/bioinformatics_advances/review_2023/repo_augmentation/input_example/tpa_step1.txt; Input files updated by another job: /mnt/085dd464-7946-4395-acfd-e22026d52e9d/home/yasmmin/Dropbox/phd/portfolio/bioinformatics_advances/review_2023/repo_augmentation/input_example/da_step3.txt
    resources: tmpdir=/tmp

[Sun Feb 12 16:14:30 2023]
Finished job 8.
4 of 12 steps (33%) done
Select jobs to execute...

[Sun Feb 12 16:14:30 2023]
rule training_ppi_augmentation_step2:
    input: /mnt/085dd464-7946-4395-acfd-e22026d52e9d/home/yasmmin/Dropbox/phd/portfolio/bioinformatics_advances/review_2023/repo_augmentation/input_example/tpa_step1.txt
    output: /mnt/085dd464-7946-4395-acfd-e22026d52e9d/home/yasmmin/Dropbox/phd/portfolio/bioinformatics_advances/review_2023/repo_augmentation/input_example/tpa_step2.txt
    jobid: 7
    reason: Missing output files: /mnt/085dd464-7946-4395-acfd-e22026d52e9d/home/yasmmin/Dropbox/phd/portfolio/bioinformatics_advances/review_2023/repo_augmentation/input_example/tpa_step2.txt; Input files updated by another job: /mnt/085dd464-7946-4395-acfd-e22026d52e9d/home/yasmmin/Dropbox/phd/portfolio/bioinformatics_advances/review_2023/repo_augmentation/input_example/tpa_step1.txt
    resources: tmpdir=/tmp

[Sun Feb 12 16:14:34 2023]
Finished job 7.
5 of 12 steps (42%) done
Select jobs to execute...

[Sun Feb 12 16:14:34 2023]
rule training_ppi_augmentation_step3:
    input: /mnt/085dd464-7946-4395-acfd-e22026d52e9d/home/yasmmin/Dropbox/phd/portfolio/bioinformatics_advances/review_2023/repo_augmentation/input_example/tpa_step2.txt
    output: /mnt/085dd464-7946-4395-acfd-e22026d52e9d/home/yasmmin/Dropbox/phd/portfolio/bioinformatics_advances/review_2023/repo_augmentation/input_example/tpa_step3.txt
    jobid: 6
    reason: Missing output files: /mnt/085dd464-7946-4395-acfd-e22026d52e9d/home/yasmmin/Dropbox/phd/portfolio/bioinformatics_advances/review_2023/repo_augmentation/input_example/tpa_step3.txt; Input files updated by another job: /mnt/085dd464-7946-4395-acfd-e22026d52e9d/home/yasmmin/Dropbox/phd/portfolio/bioinformatics_advances/review_2023/repo_augmentation/input_example/tpa_step2.txt
    resources: tmpdir=/tmp

[Sun Feb 12 16:14:36 2023]
Finished job 6.
6 of 12 steps (50%) done
Select jobs to execute...

[Sun Feb 12 16:14:36 2023]
rule evaluation_visualization_step1:
    input: /mnt/085dd464-7946-4395-acfd-e22026d52e9d/home/yasmmin/Dropbox/phd/portfolio/bioinformatics_advances/review_2023/repo_augmentation/input_example/tpa_step3.txt
    output: /mnt/085dd464-7946-4395-acfd-e22026d52e9d/home/yasmmin/Dropbox/phd/portfolio/bioinformatics_advances/review_2023/repo_augmentation/input_example/ev_step1.txt
    jobid: 5
    reason: Missing output files: /mnt/085dd464-7946-4395-acfd-e22026d52e9d/home/yasmmin/Dropbox/phd/portfolio/bioinformatics_advances/review_2023/repo_augmentation/input_example/ev_step1.txt; Input files updated by another job: /mnt/085dd464-7946-4395-acfd-e22026d52e9d/home/yasmmin/Dropbox/phd/portfolio/bioinformatics_advances/review_2023/repo_augmentation/input_example/tpa_step3.txt
    resources: tmpdir=/tmp

[Sun Feb 12 19:35:26 2023]
Finished job 5.
7 of 12 steps (58%) done
Select jobs to execute...

[Sun Feb 12 19:35:26 2023]
rule evaluation_visualization_step2:
    input: /mnt/085dd464-7946-4395-acfd-e22026d52e9d/home/yasmmin/Dropbox/phd/portfolio/bioinformatics_advances/review_2023/repo_augmentation/input_example/ev_step1.txt
    output: /mnt/085dd464-7946-4395-acfd-e22026d52e9d/home/yasmmin/Dropbox/phd/portfolio/bioinformatics_advances/review_2023/repo_augmentation/input_example/ev_step2.txt
    jobid: 4
    reason: Missing output files: /mnt/085dd464-7946-4395-acfd-e22026d52e9d/home/yasmmin/Dropbox/phd/portfolio/bioinformatics_advances/review_2023/repo_augmentation/input_example/ev_step2.txt; Input files updated by another job: /mnt/085dd464-7946-4395-acfd-e22026d52e9d/home/yasmmin/Dropbox/phd/portfolio/bioinformatics_advances/review_2023/repo_augmentation/input_example/ev_step1.txt
    resources: tmpdir=/tmp

[Sun Feb 12 19:35:29 2023]
Finished job 4.
8 of 12 steps (67%) done
Select jobs to execute...

[Sun Feb 12 19:35:29 2023]
rule evaluation_visualization_step3:
    input: /mnt/085dd464-7946-4395-acfd-e22026d52e9d/home/yasmmin/Dropbox/phd/portfolio/bioinformatics_advances/review_2023/repo_augmentation/input_example/ev_step2.txt
    output: /mnt/085dd464-7946-4395-acfd-e22026d52e9d/home/yasmmin/Dropbox/phd/portfolio/bioinformatics_advances/review_2023/repo_augmentation/input_example/ev_step3.txt
    jobid: 3
    reason: Missing output files: /mnt/085dd464-7946-4395-acfd-e22026d52e9d/home/yasmmin/Dropbox/phd/portfolio/bioinformatics_advances/review_2023/repo_augmentation/input_example/ev_step3.txt; Input files updated by another job: /mnt/085dd464-7946-4395-acfd-e22026d52e9d/home/yasmmin/Dropbox/phd/portfolio/bioinformatics_advances/review_2023/repo_augmentation/input_example/ev_step2.txt
    resources: tmpdir=/tmp

[Sun Feb 12 19:35:31 2023]
Finished job 3.
9 of 12 steps (75%) done
Select jobs to execute...

[Sun Feb 12 19:35:31 2023]
rule evaluation_visualization_step4:
    input: /mnt/085dd464-7946-4395-acfd-e22026d52e9d/home/yasmmin/Dropbox/phd/portfolio/bioinformatics_advances/review_2023/repo_augmentation/input_example/ev_step3.txt
    output: /mnt/085dd464-7946-4395-acfd-e22026d52e9d/home/yasmmin/Dropbox/phd/portfolio/bioinformatics_advances/review_2023/repo_augmentation/input_example/ev_step4.txt
    jobid: 2
    reason: Missing output files: /mnt/085dd464-7946-4395-acfd-e22026d52e9d/home/yasmmin/Dropbox/phd/portfolio/bioinformatics_advances/review_2023/repo_augmentation/input_example/ev_step4.txt; Input files updated by another job: /mnt/085dd464-7946-4395-acfd-e22026d52e9d/home/yasmmin/Dropbox/phd/portfolio/bioinformatics_advances/review_2023/repo_augmentation/input_example/ev_step3.txt
    resources: tmpdir=/tmp

[Sun Feb 12 19:35:34 2023]
Finished job 2.
10 of 12 steps (83%) done
Select jobs to execute...

[Sun Feb 12 19:35:34 2023]
rule evaluation_visualization_step5:
    input: /mnt/085dd464-7946-4395-acfd-e22026d52e9d/home/yasmmin/Dropbox/phd/portfolio/bioinformatics_advances/review_2023/repo_augmentation/input_example/ev_step4.txt
    output: /mnt/085dd464-7946-4395-acfd-e22026d52e9d/home/yasmmin/Dropbox/phd/portfolio/bioinformatics_advances/review_2023/repo_augmentation/input_example/ev_step5.txt
    jobid: 1
    reason: Missing output files: /mnt/085dd464-7946-4395-acfd-e22026d52e9d/home/yasmmin/Dropbox/phd/portfolio/bioinformatics_advances/review_2023/repo_augmentation/input_example/ev_step5.txt; Input files updated by another job: /mnt/085dd464-7946-4395-acfd-e22026d52e9d/home/yasmmin/Dropbox/phd/portfolio/bioinformatics_advances/review_2023/repo_augmentation/input_example/ev_step4.txt
    resources: tmpdir=/tmp

[Sun Feb 12 19:35:37 2023]
Finished job 1.
11 of 12 steps (92%) done
Select jobs to execute...

[Sun Feb 12 19:35:37 2023]
localrule all:
    input: /mnt/085dd464-7946-4395-acfd-e22026d52e9d/home/yasmmin/Dropbox/phd/portfolio/bioinformatics_advances/review_2023/repo_augmentation/input_example/ev_step5.txt
    jobid: 0
    reason: Input files updated by another job: /mnt/085dd464-7946-4395-acfd-e22026d52e9d/home/yasmmin/Dropbox/phd/portfolio/bioinformatics_advances/review_2023/repo_augmentation/input_example/ev_step5.txt
    resources: tmpdir=/tmp

[Sun Feb 12 19:35:37 2023]
Finished job 0.
12 of 12 steps (100%) done
Complete log: .snakemake/log/2023-02-12T152516.661213.snakemake.log
